2024-10-09 21:32:39,178 : INFO : utilites.baseclass : 나가기 버튼 정상 동작
2024-10-09 21:40:30,612 : INFO : utilites.baseclass : 나가기 버튼 정상 동작
2024-10-09 21:42:06,169 : INFO : utilites.baseclass : 나가기 버튼 정상 동작
2024-10-09 21:49:18,228 : INFO : utilites.baseclass : 나가기 버튼 정상 동작
2024-10-09 21:49:47,838 : INFO : utilites.baseclass : 연도별 정렬 정상 동작
2024-10-09 21:49:47,838 : INFO : utilites.baseclass : 연도별 정렬 정상 동작
2024-10-09 22:04:25,592 : INFO : utilites.baseclass : 나가기 버튼 정상 동작
2024-10-09 22:04:55,121 : INFO : utilites.baseclass : 연도별 정렬 정상 동작
2024-10-09 22:04:55,121 : INFO : utilites.baseclass : 연도별 정렬 정상 동작
2024-10-09 22:05:54,600 : INFO : utilites.baseclass : 나가기 버튼 정상 동작
2024-10-09 22:06:24,086 : INFO : utilites.baseclass : 연도별 정렬 정상 동작
2024-10-09 22:06:24,086 : INFO : utilites.baseclass : 연도별 정렬 정상 동작
2024-10-09 22:07:10,335 : INFO : utilites.baseclass : 나가기 버튼 정상 동작
2024-10-09 22:07:39,819 : INFO : utilites.baseclass : 연도별 정렬 정상 동작
2024-10-09 22:07:39,819 : INFO : utilites.baseclass : 연도별 정렬 정상 동작
2024-10-09 22:22:04,232 : INFO : test_modify_back : 나가기 버튼 정상 동작
2024-10-09 22:22:33,644 : INFO : test_order_sort : 테스트 실행 시각: 2024-10-09 22:22:33
2024-10-09 22:23:37,085 : INFO : test_modify_back : 나가기 버튼 정상 동작
2024-10-09 22:24:06,709 : INFO : test_order_sort : 테스트 실행 시각: 2024-10-09 22:24:06
2024-10-09 22:27:11,705 : INFO : test_login_landing : 테스트 실행 시각: 2024-10-09 22:27:11
2024-10-09 22:27:14,441 : INFO : test_login : 테스트 실행 시각: 2024-10-09 22:27:14
2024-10-09 22:27:15,923 : INFO : test_mycoupang_landing : 테스트 실행 시각: 2024-10-09 22:27:15
2024-10-09 22:27:16,716 : INFO : test_modify_landing : 테스트 실행 시각: 2024-10-09 22:27:16
2024-10-09 22:27:17,710 : INFO : test_checkpw : 테스트 실행 시각: 2024-10-09 22:27:17
2024-10-09 22:27:20,000 : INFO : test_dam : 테스트 실행 시각: 2024-10-09 22:27:20
2024-10-09 22:27:20,470 : INFO : test_modify_address : 테스트 실행 시각: 2024-10-09 22:27:20
2024-10-09 22:27:22,619 : INFO : test_modify_info : 테스트 실행 시각: 2024-10-09 22:27:22
2024-10-09 22:27:27,469 : INFO : test_modify_back : 테스트 실행 시각: 2024-10-09 22:27:27
2024-10-09 22:27:56,884 : INFO : test_order_sort : 테스트 실행 시각: 2024-10-09 22:27:56
2024-10-09 22:35:23,412 : INFO : test_login_landing : 테스트 실행 시각: 2024-10-09 22:35:23
2024-10-09 22:35:26,009 : INFO : test_login : 테스트 실행 시각: 2024-10-09 22:35:26
2024-10-09 22:35:27,371 : INFO : test_totalmenu_listing : 테스트 실행 시각: 2024-10-09 22:35:27
2024-10-09 22:35:28,881 : INFO : test_gnb1 : 테스트 실행 시각: 2024-10-09 22:35:28
2024-10-09 22:35:30,878 : INFO : test_gnb2 : 테스트 실행 시각: 2024-10-09 22:35:30
2024-10-09 22:35:33,562 : INFO : test_gnb3 : 테스트 실행 시각: 2024-10-09 22:35:33
2024-10-09 22:35:34,578 : INFO : test_search_dropdown_default : 테스트 실행 시각: 2024-10-09 22:35:34
2024-10-09 22:35:35,983 : INFO : test_search_dropdown_listing : 테스트 실행 시각: 2024-10-09 22:35:35
2024-10-09 22:35:36,289 : INFO : test_search_dropdown_select : 테스트 실행 시각: 2024-10-09 22:35:36
2024-10-09 22:35:39,125 : INFO : test_search_keyword : 테스트 실행 시각: 2024-10-09 22:35:39
2024-10-09 22:35:42,166 : INFO : test_search_filter_rocket : 테스트 실행 시각: 2024-10-09 22:35:42
2024-10-09 22:35:44,455 : INFO : test_search_sorting_low : 테스트 실행 시각: 2024-10-09 22:35:44
2024-10-09 22:35:45,551 : INFO : test_procuct_detail : 테스트 실행 시각: 2024-10-09 22:35:45
2024-10-09 22:35:53,504 : INFO : test_get_to_cart : 테스트 실행 시각: 2024-10-09 22:35:53
2024-10-09 22:35:53,526 : INFO : test_excepted_price : 테스트 실행 시각: 2024-10-09 22:35:53
2024-10-09 22:37:24,848 : INFO : test_login_landing : 테스트 실행 시각: 2024-10-09 22:37:24
2024-10-09 22:37:27,359 : INFO : test_login : 테스트 실행 시각: 2024-10-09 22:37:27
2024-10-09 22:37:28,720 : INFO : test_totalmenu_listing : 테스트 실행 시각: 2024-10-09 22:37:28
2024-10-09 22:37:30,170 : INFO : test_gnb1 : 테스트 실행 시각: 2024-10-09 22:37:30
2024-10-09 22:37:32,126 : INFO : test_gnb2 : 테스트 실행 시각: 2024-10-09 22:37:32
2024-10-09 22:37:34,578 : INFO : test_gnb3 : 테스트 실행 시각: 2024-10-09 22:37:34
2024-10-09 22:37:35,490 : INFO : test_search_dropdown_default : 테스트 실행 시각: 2024-10-09 22:37:35
2024-10-09 22:37:36,892 : INFO : test_search_dropdown_listing : 테스트 실행 시각: 2024-10-09 22:37:36
2024-10-09 22:37:37,188 : INFO : test_search_dropdown_select : 테스트 실행 시각: 2024-10-09 22:37:37
2024-10-09 22:37:39,383 : INFO : test_search_keyword : 테스트 실행 시각: 2024-10-09 22:37:39
2024-10-09 22:37:41,763 : INFO : test_search_filter_rocket : 테스트 실행 시각: 2024-10-09 22:37:41
2024-10-09 22:37:44,034 : INFO : test_search_sorting_low : 테스트 실행 시각: 2024-10-09 22:37:44
2024-10-09 22:37:45,283 : INFO : test_procuct_detail : 테스트 실행 시각: 2024-10-09 22:37:45
2024-10-09 22:37:53,272 : INFO : test_get_to_cart : 테스트 실행 시각: 2024-10-09 22:37:53
2024-10-09 22:37:53,432 : INFO : test_excepted_price : 테스트 실행 시각: 2024-10-09 22:37:53
2024-10-09 22:37:55,216 : INFO : test_landing_to_checkout : 테스트 실행 시각: 2024-10-09 22:37:55
2024-10-09 22:37:55,483 : INFO : test_buy_info : 테스트 실행 시각: 2024-10-09 22:37:55
2024-10-09 22:37:55,511 : INFO : test_receive_info : 테스트 실행 시각: 2024-10-09 22:37:55
2024-10-09 22:37:55,733 : INFO : test_final_price : 테스트 실행 시각: 2024-10-09 22:37:55
2024-10-09 22:38:03,858 : INFO : test_method_of_payment_ : 테스트 실행 시각: 2024-10-09 22:38:03
2024-10-09 22:38:09,350 : INFO : test_login_landing : 테스트 실행 시각: 2024-10-09 22:38:09
2024-10-09 22:38:09,350 : INFO : test_login_landing : 테스트 실행 시각: 2024-10-09 22:38:09
2024-10-09 22:38:12,029 : INFO : test_login : 테스트 실행 시각: 2024-10-09 22:38:12
2024-10-09 22:38:12,029 : INFO : test_login : 테스트 실행 시각: 2024-10-09 22:38:12
2024-10-09 22:38:13,729 : INFO : test_mycoupang_landing : 테스트 실행 시각: 2024-10-09 22:38:13
2024-10-09 22:38:14,598 : INFO : test_modify_landing : 테스트 실행 시각: 2024-10-09 22:38:14
2024-10-09 22:38:16,065 : INFO : test_checkpw : 테스트 실행 시각: 2024-10-09 22:38:16
2024-10-09 22:38:18,327 : INFO : test_dam : 테스트 실행 시각: 2024-10-09 22:38:18
2024-10-09 22:38:18,878 : INFO : test_modify_address : 테스트 실행 시각: 2024-10-09 22:38:18
2024-10-09 22:38:21,025 : INFO : test_modify_info : 테스트 실행 시각: 2024-10-09 22:38:21
2024-10-09 22:38:25,655 : INFO : test_modify_back : 테스트 실행 시각: 2024-10-09 22:38:25
2024-10-09 22:38:55,127 : INFO : test_order_sort : 테스트 실행 시각: 2024-10-09 22:38:55
2024-10-09 22:39:51,368 : INFO : test_login_landing : 테스트 실행 시각: 2024-10-09 22:39:51
2024-10-09 22:39:54,057 : INFO : test_login : 테스트 실행 시각: 2024-10-09 22:39:54
2024-10-09 22:39:55,422 : INFO : test_totalmenu_listing : 테스트 실행 시각: 2024-10-09 22:39:55
2024-10-09 22:39:56,963 : INFO : test_gnb1 : 테스트 실행 시각: 2024-10-09 22:39:56
2024-10-09 22:39:58,824 : INFO : test_gnb2 : 테스트 실행 시각: 2024-10-09 22:39:58
2024-10-09 22:40:01,295 : INFO : test_gnb3 : 테스트 실행 시각: 2024-10-09 22:40:01
2024-10-09 22:40:02,298 : INFO : test_search_dropdown_default : 테스트 실행 시각: 2024-10-09 22:40:02
2024-10-09 22:40:03,706 : INFO : test_search_dropdown_listing : 테스트 실행 시각: 2024-10-09 22:40:03
2024-10-09 22:40:03,997 : INFO : test_search_dropdown_select : 테스트 실행 시각: 2024-10-09 22:40:03
2024-10-09 22:40:06,656 : INFO : test_search_keyword : 테스트 실행 시각: 2024-10-09 22:40:06
2024-10-09 22:40:09,233 : INFO : test_search_filter_rocket : 테스트 실행 시각: 2024-10-09 22:40:09
2024-10-09 22:40:11,616 : INFO : test_search_sorting_low : 테스트 실행 시각: 2024-10-09 22:40:11
2024-10-09 22:40:12,901 : INFO : test_procuct_detail : 테스트 실행 시각: 2024-10-09 22:40:12
2024-10-09 22:40:20,810 : INFO : test_get_to_cart : 테스트 실행 시각: 2024-10-09 22:40:20
2024-10-09 22:40:20,982 : INFO : test_excepted_price : 테스트 실행 시각: 2024-10-09 22:40:20
2024-10-09 22:40:22,181 : INFO : test_landing_to_checkout : 테스트 실행 시각: 2024-10-09 22:40:22
2024-10-09 22:40:22,353 : INFO : test_buy_info : 테스트 실행 시각: 2024-10-09 22:40:22
2024-10-09 22:40:22,380 : INFO : test_receive_info : 테스트 실행 시각: 2024-10-09 22:40:22
2024-10-09 22:40:22,565 : INFO : test_final_price : 테스트 실행 시각: 2024-10-09 22:40:22
2024-10-09 22:40:30,681 : INFO : test_method_of_payment_ : 테스트 실행 시각: 2024-10-09 22:40:30
2024-10-09 22:40:36,514 : INFO : test_login_landing : 테스트 실행 시각: 2024-10-09 22:40:36
2024-10-09 22:40:36,514 : INFO : test_login_landing : 테스트 실행 시각: 2024-10-09 22:40:36
2024-10-09 22:40:39,213 : INFO : test_login : 테스트 실행 시각: 2024-10-09 22:40:39
2024-10-09 22:40:39,213 : INFO : test_login : 테스트 실행 시각: 2024-10-09 22:40:39
2024-10-09 22:40:40,891 : INFO : test_mycoupang_landing : 테스트 실행 시각: 2024-10-09 22:40:40
2024-10-09 22:40:42,017 : INFO : test_modify_landing : 테스트 실행 시각: 2024-10-09 22:40:42
2024-10-09 22:40:43,056 : INFO : test_checkpw : 테스트 실행 시각: 2024-10-09 22:40:43
2024-10-09 22:40:45,331 : INFO : test_dam : 테스트 실행 시각: 2024-10-09 22:40:45
2024-10-09 22:40:45,908 : INFO : test_modify_address : 테스트 실행 시각: 2024-10-09 22:40:45
2024-10-09 22:40:48,059 : INFO : test_modify_info : 테스트 실행 시각: 2024-10-09 22:40:48
2024-10-09 22:40:53,121 : INFO : test_modify_back : 테스트 실행 시각: 2024-10-09 22:40:53
2024-10-09 22:41:22,512 : INFO : test_order_sort : 테스트 실행 시각: 2024-10-09 22:41:22
2024-10-09 23:12:04,814 : INFO : test_login_landing : 테스트 실행 시각: 2024-10-09 23:12:04
2024-10-09 23:12:08,440 : INFO : test_login : 테스트 실행 시각: 2024-10-09 23:12:08
2024-10-09 23:12:10,058 : INFO : test_mycoupang_landing : 테스트 실행 시각: 2024-10-09 23:12:10
2024-10-09 23:12:11,113 : INFO : test_modify_landing : 테스트 실행 시각: 2024-10-09 23:12:11
2024-10-09 23:12:13,227 : INFO : test_checkpw : 테스트 실행 시각: 2024-10-09 23:12:13
2024-10-09 23:12:15,484 : INFO : test_dam : 테스트 실행 시각: 2024-10-09 23:12:15
2024-10-09 23:12:16,090 : INFO : test_modify_address : 테스트 실행 시각: 2024-10-09 23:12:16
2024-10-09 23:12:18,252 : INFO : test_modify_info : 테스트 실행 시각: 2024-10-09 23:12:18
2024-10-09 23:12:22,906 : INFO : test_modify_back : 테스트 실행 시각: 2024-10-09 23:12:22
2024-10-09 23:12:52,426 : INFO : test_order_sort : 테스트 실행 시각: 2024-10-09 23:12:52
2024-10-09 23:15:15,300 : INFO : test_login_landing : 테스트 실행 시각: 2024-10-09 23:15:15
2024-10-09 23:15:17,983 : INFO : test_login : 테스트 실행 시각: 2024-10-09 23:15:17
2024-10-09 23:15:19,712 : INFO : test_mycoupang_landing : 테스트 실행 시각: 2024-10-09 23:15:19
2024-10-09 23:15:20,567 : INFO : test_modify_landing : 테스트 실행 시각: 2024-10-09 23:15:20
2024-10-09 23:15:21,713 : INFO : test_checkpw : 테스트 실행 시각: 2024-10-09 23:15:21
2024-10-09 23:15:24,004 : INFO : test_dam : 테스트 실행 시각: 2024-10-09 23:15:24
2024-10-09 23:15:24,509 : INFO : test_modify_address : 테스트 실행 시각: 2024-10-09 23:15:24
2024-10-09 23:15:26,657 : INFO : test_modify_info : 테스트 실행 시각: 2024-10-09 23:15:26
2024-10-09 23:15:31,447 : INFO : test_modify_back : 테스트 실행 시각: 2024-10-09 23:15:31
2024-10-09 23:16:00,926 : INFO : test_order_sort : 테스트 실행 시각: 2024-10-09 23:16:00
2024-10-09 23:17:42,370 : INFO : test_login_landing : 테스트 실행 시각: 2024-10-09 23:17:42
2024-10-09 23:17:45,293 : INFO : test_login : 테스트 실행 시각: 2024-10-09 23:17:45
2024-10-09 23:17:46,985 : INFO : test_mycoupang_landing : 테스트 실행 시각: 2024-10-09 23:17:46
2024-10-09 23:17:47,803 : INFO : test_modify_landing : 테스트 실행 시각: 2024-10-09 23:17:47
2024-10-09 23:17:49,020 : INFO : test_checkpw : 테스트 실행 시각: 2024-10-09 23:17:49
2024-10-09 23:17:51,240 : INFO : test_dam : 테스트 실행 시각: 2024-10-09 23:17:51
2024-10-09 23:17:51,710 : INFO : test_modify_address : 테스트 실행 시각: 2024-10-09 23:17:51
2024-10-09 23:17:53,864 : INFO : test_modify_info : 테스트 실행 시각: 2024-10-09 23:17:53
2024-10-09 23:17:58,872 : INFO : test_modify_back : 테스트 실행 시각: 2024-10-09 23:17:58
2024-10-09 23:18:28,351 : INFO : test_order_sort : 테스트 실행 시각: 2024-10-09 23:18:28
2024-10-09 23:20:15,716 : INFO : test_login_landing : 테스트 실행 시각: 2024-10-09 23:20:15
2024-10-09 23:20:18,639 : INFO : test_login : 테스트 실행 시각: 2024-10-09 23:20:18
2024-10-09 23:20:20,182 : INFO : test_mycoupang_landing : 테스트 실행 시각: 2024-10-09 23:20:20
2024-10-09 23:20:21,380 : INFO : test_modify_landing : 테스트 실행 시각: 2024-10-09 23:20:21
2024-10-09 23:20:22,572 : INFO : test_checkpw : 테스트 실행 시각: 2024-10-09 23:20:22
2024-10-09 23:20:24,718 : INFO : test_dam : 테스트 실행 시각: 2024-10-09 23:20:24
2024-10-09 23:20:25,162 : INFO : test_modify_address : 테스트 실행 시각: 2024-10-09 23:20:25
2024-10-09 23:20:27,315 : INFO : test_modify_info : 테스트 실행 시각: 2024-10-09 23:20:27
2024-10-09 23:20:32,131 : INFO : test_modify_back : 테스트 실행 시각: 2024-10-09 23:20:32
2024-10-09 23:21:01,577 : INFO : test_order_sort : 테스트 실행 시각: 2024-10-09 23:21:01
2024-10-10 15:35:26,657 : INFO : test_login_landing : 테스트 실행 시각: 2024-10-10 15:35:26
2024-10-10 15:35:29,550 : INFO : test_login : 테스트 실행 시각: 2024-10-10 15:35:29
2024-10-10 15:35:30,905 : INFO : test_totalmenu_listing : 테스트 실행 시각: 2024-10-10 15:35:30
2024-10-10 15:35:32,647 : INFO : test_gnb1 : 테스트 실행 시각: 2024-10-10 15:35:32
2024-10-10 15:35:34,330 : INFO : test_gnb2 : 테스트 실행 시각: 2024-10-10 15:35:34
2024-10-10 15:35:36,905 : INFO : test_gnb3 : 테스트 실행 시각: 2024-10-10 15:35:36
2024-10-10 15:35:37,951 : INFO : test_search_dropdown_default : 테스트 실행 시각: 2024-10-10 15:35:37
2024-10-10 15:35:39,364 : INFO : test_search_dropdown_listing : 테스트 실행 시각: 2024-10-10 15:35:39
2024-10-10 15:35:39,656 : INFO : test_search_dropdown_select : 테스트 실행 시각: 2024-10-10 15:35:39
2024-10-10 15:35:41,895 : INFO : test_search_keyword : 테스트 실행 시각: 2024-10-10 15:35:41
2024-10-10 15:35:44,357 : INFO : test_search_filter_rocket : 테스트 실행 시각: 2024-10-10 15:35:44
2024-10-10 15:36:50,758 : INFO : test_login_landing : 테스트 실행 시각: 2024-10-10 15:36:50
2024-10-10 15:36:53,906 : INFO : test_login : 테스트 실행 시각: 2024-10-10 15:36:53
2024-10-10 15:36:55,274 : INFO : test_totalmenu_listing : 테스트 실행 시각: 2024-10-10 15:36:55
2024-10-10 15:36:57,170 : INFO : test_gnb1 : 테스트 실행 시각: 2024-10-10 15:36:57
2024-10-10 15:36:59,087 : INFO : test_gnb2 : 테스트 실행 시각: 2024-10-10 15:36:59
2024-10-10 15:37:01,532 : INFO : test_gnb3 : 테스트 실행 시각: 2024-10-10 15:37:01
2024-10-10 15:37:02,847 : INFO : test_search_dropdown_default : 테스트 실행 시각: 2024-10-10 15:37:02
2024-10-10 15:37:04,276 : INFO : test_search_dropdown_listing : 테스트 실행 시각: 2024-10-10 15:37:04
2024-10-10 15:37:04,586 : INFO : test_search_dropdown_select : 테스트 실행 시각: 2024-10-10 15:37:04
2024-10-10 15:37:07,208 : INFO : test_search_keyword : 테스트 실행 시각: 2024-10-10 15:37:07
2024-10-10 15:37:17,455 : INFO : test_search_sorting_low : 테스트 실행 시각: 2024-10-10 15:37:17
2024-10-10 15:37:18,692 : INFO : test_procuct_detail : 테스트 실행 시각: 2024-10-10 15:37:18
2024-10-10 15:37:27,443 : INFO : test_get_to_cart : 테스트 실행 시각: 2024-10-10 15:37:27
2024-10-10 15:37:27,605 : INFO : test_excepted_price : 테스트 실행 시각: 2024-10-10 15:37:27
2024-10-10 15:37:29,748 : INFO : test_landing_to_checkout : 테스트 실행 시각: 2024-10-10 15:37:29
2024-10-10 15:37:29,894 : INFO : test_buy_info : 테스트 실행 시각: 2024-10-10 15:37:29
2024-10-10 15:37:29,921 : INFO : test_receive_info : 테스트 실행 시각: 2024-10-10 15:37:29
2024-10-10 15:37:30,069 : INFO : test_final_price : 테스트 실행 시각: 2024-10-10 15:37:30
2024-10-10 15:37:38,195 : INFO : test_method_of_payment_ : 테스트 실행 시각: 2024-10-10 15:37:38
2024-10-10 15:37:43,808 : INFO : test_login_landing : 테스트 실행 시각: 2024-10-10 15:37:43
2024-10-10 15:37:43,808 : INFO : test_login_landing : 테스트 실행 시각: 2024-10-10 15:37:43
2024-10-10 15:37:46,441 : INFO : test_login : 테스트 실행 시각: 2024-10-10 15:37:46
2024-10-10 15:37:46,441 : INFO : test_login : 테스트 실행 시각: 2024-10-10 15:37:46
2024-10-10 15:37:48,763 : INFO : test_mycoupang_landing : 테스트 실행 시각: 2024-10-10 15:37:48
2024-10-10 15:37:49,806 : INFO : test_modify_landing : 테스트 실행 시각: 2024-10-10 15:37:49
2024-10-10 15:37:50,974 : INFO : test_checkpw : 테스트 실행 시각: 2024-10-10 15:37:50
2024-10-10 15:37:53,250 : INFO : test_dam : 테스트 실행 시각: 2024-10-10 15:37:53
2024-10-10 15:37:53,860 : INFO : test_modify_address : 테스트 실행 시각: 2024-10-10 15:37:53
2024-10-10 15:37:56,008 : INFO : test_modify_info : 테스트 실행 시각: 2024-10-10 15:37:56
2024-10-10 15:38:00,759 : INFO : test_modify_back : 테스트 실행 시각: 2024-10-10 15:38:00
2024-10-10 15:38:30,320 : INFO : test_order_sort : 테스트 실행 시각: 2024-10-10 15:38:30
2024-10-10 15:41:51,603 : INFO : test_login_landing : 테스트 실행 시각: 2024-10-10 15:41:51
2024-10-10 15:41:54,343 : INFO : test_login : 테스트 실행 시각: 2024-10-10 15:41:54
2024-10-10 15:41:55,713 : INFO : test_totalmenu_listing : 테스트 실행 시각: 2024-10-10 15:41:55
2024-10-10 15:41:57,339 : INFO : test_gnb1 : 테스트 실행 시각: 2024-10-10 15:41:57
2024-10-10 15:41:59,186 : INFO : test_gnb2 : 테스트 실행 시각: 2024-10-10 15:41:59
2024-10-10 15:42:01,771 : INFO : test_gnb3 : 테스트 실행 시각: 2024-10-10 15:42:01
2024-10-10 15:42:02,800 : INFO : test_search_dropdown_default : 테스트 실행 시각: 2024-10-10 15:42:02
2024-10-10 15:42:04,220 : INFO : test_search_dropdown_listing : 테스트 실행 시각: 2024-10-10 15:42:04
2024-10-10 15:42:04,523 : INFO : test_search_dropdown_select : 테스트 실행 시각: 2024-10-10 15:42:04
2024-10-10 15:42:06,748 : INFO : test_search_keyword : 테스트 실행 시각: 2024-10-10 15:42:06
2024-10-10 15:42:09,374 : INFO : test_search_filter_rocket : 테스트 실행 시각: 2024-10-10 15:42:09
2024-10-10 15:42:11,698 : INFO : test_search_sorting_low : 테스트 실행 시각: 2024-10-10 15:42:11
2024-10-10 15:42:12,880 : INFO : test_procuct_detail : 테스트 실행 시각: 2024-10-10 15:42:12
2024-10-10 15:42:20,939 : INFO : test_get_to_cart : 테스트 실행 시각: 2024-10-10 15:42:20
2024-10-10 15:42:21,107 : INFO : test_excepted_price : 테스트 실행 시각: 2024-10-10 15:42:21
2024-10-10 15:42:22,572 : INFO : test_landing_to_checkout : 테스트 실행 시각: 2024-10-10 15:42:22
2024-10-10 15:42:22,752 : INFO : test_buy_info : 테스트 실행 시각: 2024-10-10 15:42:22
2024-10-10 15:42:22,783 : INFO : test_receive_info : 테스트 실행 시각: 2024-10-10 15:42:22
2024-10-10 15:42:22,961 : INFO : test_final_price : 테스트 실행 시각: 2024-10-10 15:42:22
2024-10-10 15:42:31,093 : INFO : test_method_of_payment_ : 테스트 실행 시각: 2024-10-10 15:42:31
2024-10-10 15:42:36,897 : INFO : test_login_landing : 테스트 실행 시각: 2024-10-10 15:42:36
2024-10-10 15:42:36,897 : INFO : test_login_landing : 테스트 실행 시각: 2024-10-10 15:42:36
2024-10-10 15:42:40,035 : INFO : test_login : 테스트 실행 시각: 2024-10-10 15:42:40
2024-10-10 15:42:40,035 : INFO : test_login : 테스트 실행 시각: 2024-10-10 15:42:40
2024-10-10 15:42:41,649 : INFO : test_mycoupang_landing : 테스트 실행 시각: 2024-10-10 15:42:41
2024-10-10 15:42:42,431 : INFO : test_modify_landing : 테스트 실행 시각: 2024-10-10 15:42:42
2024-10-10 15:42:43,426 : INFO : test_checkpw : 테스트 실행 시각: 2024-10-10 15:42:43
2024-10-10 15:42:45,633 : INFO : test_dam : 테스트 실행 시각: 2024-10-10 15:42:45
2024-10-10 15:42:46,178 : INFO : test_modify_address : 테스트 실행 시각: 2024-10-10 15:42:46
2024-10-10 15:42:48,327 : INFO : test_modify_info : 테스트 실행 시각: 2024-10-10 15:42:48
2024-10-10 15:42:53,262 : INFO : test_modify_back : 테스트 실행 시각: 2024-10-10 15:42:53
2024-10-10 15:43:22,899 : INFO : test_order_sort : 테스트 실행 시각: 2024-10-10 15:43:22
2024-10-10 16:01:34,134 : INFO : test_login_landing : 테스트 실행 시각: 2024-10-10 16:01:34
2024-10-10 16:01:36,692 : INFO : test_login : 테스트 실행 시각: 2024-10-10 16:01:36
2024-10-10 16:01:38,055 : INFO : test_totalmenu_listing : 테스트 실행 시각: 2024-10-10 16:01:38
2024-10-10 16:01:39,986 : INFO : test_gnb1 : 테스트 실행 시각: 2024-10-10 16:01:39
2024-10-10 16:01:41,770 : INFO : test_gnb2 : 테스트 실행 시각: 2024-10-10 16:01:41
2024-10-10 16:01:44,308 : INFO : test_gnb3 : 테스트 실행 시각: 2024-10-10 16:01:44
2024-10-10 16:01:45,206 : INFO : test_search_dropdown_default : 테스트 실행 시각: 2024-10-10 16:01:45
2024-10-10 16:01:46,640 : INFO : test_search_dropdown_listing : 테스트 실행 시각: 2024-10-10 16:01:46
2024-10-10 16:01:46,948 : INFO : test_search_dropdown_select : 테스트 실행 시각: 2024-10-10 16:01:46
2024-10-10 16:01:48,808 : INFO : test_search_keyword : 테스트 실행 시각: 2024-10-10 16:01:48
2024-10-10 16:10:32,747 : INFO : test_login_landing : 테스트 실행 시각: 2024-10-10 16:10:32
2024-10-10 16:10:35,856 : INFO : test_login : 테스트 실행 시각: 2024-10-10 16:10:35
2024-10-10 16:10:37,224 : INFO : test_totalmenu_listing : 테스트 실행 시각: 2024-10-10 16:10:37
2024-10-10 16:10:39,104 : INFO : test_gnb1 : 테스트 실행 시각: 2024-10-10 16:10:39
2024-10-10 16:10:41,488 : INFO : test_gnb2 : 테스트 실행 시각: 2024-10-10 16:10:41
2024-10-10 16:10:43,711 : INFO : test_gnb3 : 테스트 실행 시각: 2024-10-10 16:10:43
2024-10-10 16:10:45,105 : INFO : test_search_dropdown_default : 테스트 실행 시각: 2024-10-10 16:10:45
2024-10-10 16:10:46,512 : INFO : test_search_dropdown_listing : 테스트 실행 시각: 2024-10-10 16:10:46
2024-10-10 16:10:46,808 : INFO : test_search_dropdown_select : 테스트 실행 시각: 2024-10-10 16:10:46
2024-10-10 16:10:49,090 : INFO : test_search_keyword : 테스트 실행 시각: 2024-10-10 16:10:49
2024-10-10 16:10:51,346 : INFO : test_search_filter_rocket : 테스트 실행 시각: 2024-10-10 16:10:51
2024-10-10 16:10:53,647 : INFO : test_search_sorting_low : 테스트 실행 시각: 2024-10-10 16:10:53
2024-10-10 16:10:55,988 : INFO : test_procuct_detail : 테스트 실행 시각: 2024-10-10 16:10:55
2024-10-10 16:11:03,921 : INFO : test_get_to_cart : 테스트 실행 시각: 2024-10-10 16:11:03
2024-10-10 16:11:04,062 : INFO : test_excepted_price : 테스트 실행 시각: 2024-10-10 16:11:04
2024-10-10 16:11:05,167 : INFO : test_landing_to_checkout : 테스트 실행 시각: 2024-10-10 16:11:05
2024-10-10 16:11:05,347 : INFO : test_buy_info : 테스트 실행 시각: 2024-10-10 16:11:05
2024-10-10 16:11:05,383 : INFO : test_receive_info : 테스트 실행 시각: 2024-10-10 16:11:05
2024-10-10 16:11:05,561 : INFO : test_final_price : 테스트 실행 시각: 2024-10-10 16:11:05
2024-10-10 16:11:13,680 : INFO : test_method_of_payment_ : 테스트 실행 시각: 2024-10-10 16:11:13
2024-10-10 16:11:20,064 : INFO : test_login_landing : 테스트 실행 시각: 2024-10-10 16:11:20
2024-10-10 16:11:20,064 : INFO : test_login_landing : 테스트 실행 시각: 2024-10-10 16:11:20
2024-10-10 16:11:23,010 : INFO : test_login : 테스트 실행 시각: 2024-10-10 16:11:23
2024-10-10 16:11:23,010 : INFO : test_login : 테스트 실행 시각: 2024-10-10 16:11:23
2024-10-10 16:11:24,792 : INFO : test_mycoupang_landing : 테스트 실행 시각: 2024-10-10 16:11:24
2024-10-10 16:11:25,628 : INFO : test_modify_landing : 테스트 실행 시각: 2024-10-10 16:11:25
2024-10-10 16:11:26,899 : INFO : test_checkpw : 테스트 실행 시각: 2024-10-10 16:11:26
2024-10-10 16:11:29,167 : INFO : test_dam : 테스트 실행 시각: 2024-10-10 16:11:29
2024-10-10 16:11:29,622 : INFO : test_modify_address : 테스트 실행 시각: 2024-10-10 16:11:29
2024-10-10 16:11:31,781 : INFO : test_modify_info : 테스트 실행 시각: 2024-10-10 16:11:31
2024-10-10 16:11:36,713 : INFO : test_modify_back : 테스트 실행 시각: 2024-10-10 16:11:36
2024-10-10 16:12:06,245 : INFO : test_order_sort : 테스트 실행 시각: 2024-10-10 16:12:06
2024-10-10 16:13:56,662 : INFO : test_login_landing : 테스트 실행 시각: 2024-10-10 16:13:56
2024-10-10 16:13:59,943 : INFO : test_login : 테스트 실행 시각: 2024-10-10 16:13:59
2024-10-10 16:14:01,318 : INFO : test_totalmenu_listing : 테스트 실행 시각: 2024-10-10 16:14:01
2024-10-10 16:14:02,975 : INFO : test_gnb1 : 테스트 실행 시각: 2024-10-10 16:14:02
2024-10-10 16:14:05,299 : INFO : test_gnb2 : 테스트 실행 시각: 2024-10-10 16:14:05
2024-10-10 16:14:07,864 : INFO : test_gnb3 : 테스트 실행 시각: 2024-10-10 16:14:07
2024-10-10 16:14:08,870 : INFO : test_search_dropdown_default : 테스트 실행 시각: 2024-10-10 16:14:08
2024-10-10 16:14:10,296 : INFO : test_search_dropdown_listing : 테스트 실행 시각: 2024-10-10 16:14:10
2024-10-10 16:14:10,597 : INFO : test_search_dropdown_select : 테스트 실행 시각: 2024-10-10 16:14:10
2024-10-10 16:14:12,882 : INFO : test_search_keyword : 테스트 실행 시각: 2024-10-10 16:14:12
2024-10-10 16:14:15,184 : INFO : test_search_filter_rocket : 테스트 실행 시각: 2024-10-10 16:14:15
2024-10-10 16:14:17,527 : INFO : test_search_sorting_low : 테스트 실행 시각: 2024-10-10 16:14:17
2024-10-10 16:14:20,031 : INFO : test_procuct_detail : 테스트 실행 시각: 2024-10-10 16:14:20
2024-10-10 16:14:28,012 : INFO : test_get_to_cart : 테스트 실행 시각: 2024-10-10 16:14:28
2024-10-10 16:14:28,181 : INFO : test_excepted_price : 테스트 실행 시각: 2024-10-10 16:14:28
2024-10-10 16:14:29,357 : INFO : test_landing_to_checkout : 테스트 실행 시각: 2024-10-10 16:14:29
2024-10-10 16:14:29,532 : INFO : test_buy_info : 테스트 실행 시각: 2024-10-10 16:14:29
2024-10-10 16:14:29,566 : INFO : test_receive_info : 테스트 실행 시각: 2024-10-10 16:14:29
2024-10-10 16:14:29,746 : INFO : test_final_price : 테스트 실행 시각: 2024-10-10 16:14:29
2024-10-10 16:14:37,863 : INFO : test_method_of_payment_ : 테스트 실행 시각: 2024-10-10 16:14:37
2024-10-10 16:14:44,094 : INFO : test_login_landing : 테스트 실행 시각: 2024-10-10 16:14:44
2024-10-10 16:14:44,094 : INFO : test_login_landing : 테스트 실행 시각: 2024-10-10 16:14:44
2024-10-10 16:14:47,181 : INFO : test_login : 테스트 실행 시각: 2024-10-10 16:14:47
2024-10-10 16:14:47,181 : INFO : test_login : 테스트 실행 시각: 2024-10-10 16:14:47
2024-10-10 16:14:48,695 : INFO : test_mycoupang_landing : 테스트 실행 시각: 2024-10-10 16:14:48
2024-10-10 16:14:49,512 : INFO : test_modify_landing : 테스트 실행 시각: 2024-10-10 16:14:49
2024-10-10 16:14:50,743 : INFO : test_checkpw : 테스트 실행 시각: 2024-10-10 16:14:50
2024-10-10 16:14:53,018 : INFO : test_dam : 테스트 실행 시각: 2024-10-10 16:14:53
2024-10-10 16:14:53,489 : INFO : test_modify_address : 테스트 실행 시각: 2024-10-10 16:14:53
2024-10-10 16:14:55,639 : INFO : test_modify_info : 테스트 실행 시각: 2024-10-10 16:14:55
2024-10-10 16:15:00,437 : INFO : test_modify_back : 테스트 실행 시각: 2024-10-10 16:15:00
2024-10-10 16:15:29,876 : INFO : test_order_sort : 테스트 실행 시각: 2024-10-10 16:15:29
2024-10-10 16:16:46,714 : INFO : test_login_landing : 테스트 실행 시각: 2024-10-10 16:16:46
2024-10-10 16:16:49,279 : INFO : test_login : 테스트 실행 시각: 2024-10-10 16:16:49
2024-10-10 16:16:50,664 : INFO : test_totalmenu_listing : 테스트 실행 시각: 2024-10-10 16:16:50
2024-10-10 16:16:52,937 : INFO : test_gnb1 : 테스트 실행 시각: 2024-10-10 16:16:52
2024-10-10 16:16:54,755 : INFO : test_gnb2 : 테스트 실행 시각: 2024-10-10 16:16:54
2024-10-10 16:16:57,248 : INFO : test_gnb3 : 테스트 실행 시각: 2024-10-10 16:16:57
2024-10-10 16:16:58,370 : INFO : test_search_dropdown_default : 테스트 실행 시각: 2024-10-10 16:16:58
2024-10-10 16:16:59,792 : INFO : test_search_dropdown_listing : 테스트 실행 시각: 2024-10-10 16:16:59
2024-10-10 16:17:00,085 : INFO : test_search_dropdown_select : 테스트 실행 시각: 2024-10-10 16:17:00
2024-10-10 16:17:02,924 : INFO : test_search_keyword : 테스트 실행 시각: 2024-10-10 16:17:02
2024-10-10 16:17:05,197 : INFO : test_search_filter_rocket : 테스트 실행 시각: 2024-10-10 16:17:05
2024-10-10 16:17:07,730 : INFO : test_search_sorting_low : 테스트 실행 시각: 2024-10-10 16:17:07
2024-10-10 16:17:09,175 : INFO : test_procuct_detail : 테스트 실행 시각: 2024-10-10 16:17:09
2024-10-10 16:17:17,177 : INFO : test_get_to_cart : 테스트 실행 시각: 2024-10-10 16:17:17
2024-10-10 16:17:17,196 : INFO : test_excepted_price : 테스트 실행 시각: 2024-10-10 16:17:17
2024-10-10 16:17:18,491 : INFO : test_landing_to_checkout : 테스트 실행 시각: 2024-10-10 16:17:18
2024-10-10 16:17:18,519 : INFO : test_buy_info : 테스트 실행 시각: 2024-10-10 16:17:18
2024-10-10 16:17:18,550 : INFO : test_receive_info : 테스트 실행 시각: 2024-10-10 16:17:18
2024-10-10 16:17:18,595 : INFO : test_final_price : 테스트 실행 시각: 2024-10-10 16:17:18
2024-10-10 16:17:26,716 : INFO : test_method_of_payment_ : 테스트 실행 시각: 2024-10-10 16:17:26
2024-10-10 16:17:32,183 : INFO : test_login_landing : 테스트 실행 시각: 2024-10-10 16:17:32
2024-10-10 16:17:32,183 : INFO : test_login_landing : 테스트 실행 시각: 2024-10-10 16:17:32
2024-10-10 16:17:35,047 : INFO : test_login : 테스트 실행 시각: 2024-10-10 16:17:35
2024-10-10 16:17:35,047 : INFO : test_login : 테스트 실행 시각: 2024-10-10 16:17:35
2024-10-10 16:17:36,637 : INFO : test_mycoupang_landing : 테스트 실행 시각: 2024-10-10 16:17:36
2024-10-10 16:17:37,411 : INFO : test_modify_landing : 테스트 실행 시각: 2024-10-10 16:17:37
2024-10-10 16:17:38,485 : INFO : test_checkpw : 테스트 실행 시각: 2024-10-10 16:17:38
2024-10-10 16:17:40,642 : INFO : test_dam : 테스트 실행 시각: 2024-10-10 16:17:40
2024-10-10 16:17:41,103 : INFO : test_modify_address : 테스트 실행 시각: 2024-10-10 16:17:41
2024-10-10 16:17:43,258 : INFO : test_modify_info : 테스트 실행 시각: 2024-10-10 16:17:43
2024-10-10 16:17:47,838 : INFO : test_modify_back : 테스트 실행 시각: 2024-10-10 16:17:47
2024-10-10 16:18:17,438 : INFO : test_order_sort : 테스트 실행 시각: 2024-10-10 16:18:17
2024-10-10 16:18:44,910 : INFO : test_login_landing : 테스트 실행 시각: 2024-10-10 16:18:44
2024-10-10 16:18:49,641 : INFO : test_login : 테스트 실행 시각: 2024-10-10 16:18:49
2024-10-10 16:18:51,061 : INFO : test_totalmenu_listing : 테스트 실행 시각: 2024-10-10 16:18:51
2024-10-10 16:18:53,220 : INFO : test_gnb1 : 테스트 실행 시각: 2024-10-10 16:18:53
2024-10-10 16:18:55,270 : INFO : test_gnb2 : 테스트 실행 시각: 2024-10-10 16:18:55
2024-10-10 16:18:58,259 : INFO : test_gnb3 : 테스트 실행 시각: 2024-10-10 16:18:58
2024-10-10 16:18:59,791 : INFO : test_search_dropdown_default : 테스트 실행 시각: 2024-10-10 16:18:59
2024-10-10 16:19:01,197 : INFO : test_search_dropdown_listing : 테스트 실행 시각: 2024-10-10 16:19:01
2024-10-10 16:19:01,487 : INFO : test_search_dropdown_select : 테스트 실행 시각: 2024-10-10 16:19:01
2024-10-10 16:19:03,841 : INFO : test_search_keyword : 테스트 실행 시각: 2024-10-10 16:19:03
2024-10-10 16:19:06,126 : INFO : test_search_filter_rocket : 테스트 실행 시각: 2024-10-10 16:19:06
2024-10-10 16:19:08,453 : INFO : test_search_sorting_low : 테스트 실행 시각: 2024-10-10 16:19:08
2024-10-10 16:19:09,410 : INFO : test_procuct_detail : 테스트 실행 시각: 2024-10-10 16:19:09
2024-10-10 16:19:17,847 : INFO : test_get_to_cart : 테스트 실행 시각: 2024-10-10 16:19:17
2024-10-10 16:19:18,001 : INFO : test_excepted_price : 테스트 실행 시각: 2024-10-10 16:19:18
2024-10-10 16:20:03,525 : INFO : test_login_landing : 테스트 실행 시각: 2024-10-10 16:20:03
2024-10-10 16:20:03,525 : INFO : test_login_landing : 테스트 실행 시각: 2024-10-10 16:20:03
2024-10-10 16:20:06,416 : INFO : test_login : 테스트 실행 시각: 2024-10-10 16:20:06
2024-10-10 16:20:06,416 : INFO : test_login : 테스트 실행 시각: 2024-10-10 16:20:06
2024-10-10 16:20:08,012 : INFO : test_mycoupang_landing : 테스트 실행 시각: 2024-10-10 16:20:08
2024-10-10 16:20:08,949 : INFO : test_modify_landing : 테스트 실행 시각: 2024-10-10 16:20:08
2024-10-10 16:20:09,994 : INFO : test_checkpw : 테스트 실행 시각: 2024-10-10 16:20:09
2024-10-10 16:20:12,286 : INFO : test_dam : 테스트 실행 시각: 2024-10-10 16:20:12
2024-10-10 16:20:12,741 : INFO : test_modify_address : 테스트 실행 시각: 2024-10-10 16:20:12
2024-10-10 16:20:14,889 : INFO : test_modify_info : 테스트 실행 시각: 2024-10-10 16:20:14
2024-10-10 16:20:19,517 : INFO : test_modify_back : 테스트 실행 시각: 2024-10-10 16:20:19
2024-10-10 16:20:49,157 : INFO : test_order_sort : 테스트 실행 시각: 2024-10-10 16:20:49
2024-10-10 16:23:50,163 : INFO : test_login_landing : 테스트 실행 시각: 2024-10-10 16:23:50
2024-10-10 16:23:52,836 : INFO : test_login : 테스트 실행 시각: 2024-10-10 16:23:52
2024-10-10 16:23:54,216 : INFO : test_totalmenu_listing : 테스트 실행 시각: 2024-10-10 16:23:54
2024-10-10 16:23:55,921 : INFO : test_gnb1 : 테스트 실행 시각: 2024-10-10 16:23:55
2024-10-10 16:23:58,532 : INFO : test_gnb2 : 테스트 실행 시각: 2024-10-10 16:23:58
2024-10-10 16:24:01,014 : INFO : test_gnb3 : 테스트 실행 시각: 2024-10-10 16:24:01
2024-10-10 16:24:02,185 : INFO : test_search_dropdown_default : 테스트 실행 시각: 2024-10-10 16:24:02
2024-10-10 16:24:03,595 : INFO : test_search_dropdown_listing : 테스트 실행 시각: 2024-10-10 16:24:03
2024-10-10 16:24:03,895 : INFO : test_search_dropdown_select : 테스트 실행 시각: 2024-10-10 16:24:03
2024-10-10 16:24:06,258 : INFO : test_search_keyword : 테스트 실행 시각: 2024-10-10 16:24:06
2024-10-10 16:24:08,512 : INFO : test_search_filter_rocket : 테스트 실행 시각: 2024-10-10 16:24:08
2024-10-10 16:24:10,848 : INFO : test_search_sorting_low : 테스트 실행 시각: 2024-10-10 16:24:10
2024-10-10 16:24:11,826 : INFO : test_procuct_detail : 테스트 실행 시각: 2024-10-10 16:24:11
2024-10-10 16:24:20,427 : INFO : test_get_to_cart : 테스트 실행 시각: 2024-10-10 16:24:20
2024-10-10 16:24:20,606 : INFO : test_excepted_price : 테스트 실행 시각: 2024-10-10 16:24:20
2024-10-10 16:26:27,586 : INFO : test_login_landing : 테스트 실행 시각: 2024-10-10 16:26:27
2024-10-10 16:26:30,359 : INFO : test_login : 테스트 실행 시각: 2024-10-10 16:26:30
2024-10-10 16:26:31,725 : INFO : test_totalmenu_listing : 테스트 실행 시각: 2024-10-10 16:26:31
2024-10-10 16:26:33,515 : INFO : test_gnb1 : 테스트 실행 시각: 2024-10-10 16:26:33
2024-10-10 16:26:35,250 : INFO : test_gnb2 : 테스트 실행 시각: 2024-10-10 16:26:35
2024-10-10 16:26:37,970 : INFO : test_gnb3 : 테스트 실행 시각: 2024-10-10 16:26:37
2024-10-10 16:26:38,919 : INFO : test_search_dropdown_default : 테스트 실행 시각: 2024-10-10 16:26:38
2024-10-10 16:26:40,317 : INFO : test_search_dropdown_listing : 테스트 실행 시각: 2024-10-10 16:26:40
2024-10-10 16:26:40,612 : INFO : test_search_dropdown_select : 테스트 실행 시각: 2024-10-10 16:26:40
2024-10-10 16:26:43,012 : INFO : test_search_keyword : 테스트 실행 시각: 2024-10-10 16:26:43
2024-10-10 16:26:45,703 : INFO : test_search_filter_rocket : 테스트 실행 시각: 2024-10-10 16:26:45
2024-10-10 16:26:48,025 : INFO : test_search_sorting_low : 테스트 실행 시각: 2024-10-10 16:26:48
2024-10-10 16:26:49,222 : INFO : test_procuct_detail : 테스트 실행 시각: 2024-10-10 16:26:49
2024-10-10 16:26:57,195 : INFO : test_get_to_cart : 테스트 실행 시각: 2024-10-10 16:26:57
2024-10-10 16:26:57,212 : INFO : test_excepted_price : 테스트 실행 시각: 2024-10-10 16:26:57
2024-10-10 16:26:58,309 : INFO : test_landing_to_checkout : 테스트 실행 시각: 2024-10-10 16:26:58
2024-10-10 16:26:58,336 : INFO : test_buy_info : 테스트 실행 시각: 2024-10-10 16:26:58
2024-10-10 16:26:58,363 : INFO : test_receive_info : 테스트 실행 시각: 2024-10-10 16:26:58
2024-10-10 16:26:58,404 : INFO : test_final_price : 테스트 실행 시각: 2024-10-10 16:26:58
2024-10-10 16:27:06,530 : INFO : test_method_of_payment_ : 테스트 실행 시각: 2024-10-10 16:27:06
2024-10-10 16:27:12,218 : INFO : test_login_landing : 테스트 실행 시각: 2024-10-10 16:27:12
2024-10-10 16:27:12,218 : INFO : test_login_landing : 테스트 실행 시각: 2024-10-10 16:27:12
2024-10-10 16:27:15,226 : INFO : test_login : 테스트 실행 시각: 2024-10-10 16:27:15
2024-10-10 16:27:15,226 : INFO : test_login : 테스트 실행 시각: 2024-10-10 16:27:15
2024-10-10 16:27:16,723 : INFO : test_mycoupang_landing : 테스트 실행 시각: 2024-10-10 16:27:16
2024-10-10 16:27:17,517 : INFO : test_modify_landing : 테스트 실행 시각: 2024-10-10 16:27:17
2024-10-10 16:27:18,645 : INFO : test_checkpw : 테스트 실행 시각: 2024-10-10 16:27:18
2024-10-10 16:27:20,927 : INFO : test_dam : 테스트 실행 시각: 2024-10-10 16:27:20
2024-10-10 16:27:21,427 : INFO : test_modify_address : 테스트 실행 시각: 2024-10-10 16:27:21
2024-10-10 16:27:23,585 : INFO : test_modify_info : 테스트 실행 시각: 2024-10-10 16:27:23
2024-10-10 16:27:28,387 : INFO : test_modify_back : 테스트 실행 시각: 2024-10-10 16:27:28
2024-10-10 16:27:57,987 : INFO : test_order_sort : 테스트 실행 시각: 2024-10-10 16:27:57
